TN:
SF:C:\Source\rust\emtux\src\vec.rs
FNF:0
DA:18,20
DA:19,20
DA:20,19
DA:21,1
DA:32,7
DA:34,7
DA:35,7
DA:41,7
DA:42,7
DA:43,7
DA:44,7
DA:53,1
DA:54,1
DA:63,1
DA:64,1
DA:73,11
DA:74,22
DA:76,10
DA:85,11
DA:86,22
DA:87,10
DA:92,1
DA:93,1
DA:96,7
DA:97,75
DA:100,5
DA:101,5
DA:104,3
DA:105,3
DA:108,1
DA:109,1
DA:112,3
DA:113,3
DA:114,2
DA:115,1
DA:119,1
DA:123,1
DA:126,1
DA:127,1
DA:130,2
DA:131,2
DA:140,9
DA:144,9
DA:146,9
DA:148,9
DA:149,36
DA:150,9
DA:152,27
DA:153,54
DA:155,18
DA:157,18
DA:158,2
DA:159,2
DA:161,16
DA:163,16
DA:164,15
DA:165,15
DA:166,15
DA:168,1
DA:172,9
DA:176,3
DA:177,3
DA:178,2
DA:179,1
DA:184,8
DA:188,8
DA:191,16
DA:192,16
LF:68
LH:68
end_of_record
